0 info it worked if it ends with ok
1 verbose cli [ '/usr/bin/node', '/usr/bin/npm', 'install', 'server-favicon' ]
2 info using npm@1.4.28
3 info using node@v0.10.32
4 verbose node symlink /usr/bin/node
5 warn package.json path@0.4.9 path is also the name of a node core module.
6 warn package.json path@0.4.9 No README data
7 verbose readDependencies using package.json deps
8 verbose cache add [ 'server-favicon', null ]
9 verbose cache add name=undefined spec="server-favicon" args=["server-favicon",null]
10 verbose parsed url { protocol: null,
10 verbose parsed url   slashes: null,
10 verbose parsed url   auth: null,
10 verbose parsed url   host: null,
10 verbose parsed url   port: null,
10 verbose parsed url   hostname: null,
10 verbose parsed url   hash: null,
10 verbose parsed url   search: null,
10 verbose parsed url   query: null,
10 verbose parsed url   pathname: 'server-favicon',
10 verbose parsed url   path: 'server-favicon',
10 verbose parsed url   href: 'server-favicon' }
11 silly lockFile cdc7e359-server-favicon server-favicon
12 verbose lock server-favicon /home/fabricio/.npm/cdc7e359-server-favicon.lock
13 silly lockFile cdc7e359-server-favicon server-favicon
14 silly lockFile cdc7e359-server-favicon server-favicon
15 verbose addNamed [ 'server-favicon', '' ]
16 verbose addNamed [ null, '*' ]
17 silly lockFile 0a85f052-server-favicon server-favicon@
18 verbose lock server-favicon@ /home/fabricio/.npm/0a85f052-server-favicon.lock
19 silly addNameRange { name: 'server-favicon', range: '*', hasData: false }
20 verbose request where is /server-favicon
21 verbose request registry https://registry.npmjs.org/
22 verbose request id 9e4308be943dd825
23 verbose url raw /server-favicon
24 verbose url resolving [ 'https://registry.npmjs.org/', './server-favicon' ]
25 verbose url resolved https://registry.npmjs.org/server-favicon
26 verbose request where is https://registry.npmjs.org/server-favicon
27 info trying registry request attempt 1 at 17:53:53
28 http GET https://registry.npmjs.org/server-favicon
29 http 404 https://registry.npmjs.org/server-favicon
30 verbose headers { date: 'Thu, 25 Sep 2014 20:53:54 GMT',
30 verbose headers   server: 'CouchDB/1.5.0 (Erlang OTP/R16B03)',
30 verbose headers   'content-type': 'application/json',
30 verbose headers   'cache-control': 'max-age=0',
30 verbose headers   'content-length': '52',
30 verbose headers   'accept-ranges': 'bytes',
30 verbose headers   via: '1.1 varnish',
30 verbose headers   age: '0',
30 verbose headers   'x-served-by': 'cache-atl6221-ATL',
30 verbose headers   'x-cache': 'MISS',
30 verbose headers   'x-cache-hits': '0',
30 verbose headers   'x-timer': 'S1411678434.731302,VS0,VE107',
30 verbose headers   'keep-alive': 'timeout=10, max=50',
30 verbose headers   connection: 'Keep-Alive' }
31 silly registry.get cb [ 404,
31 silly registry.get   { date: 'Thu, 25 Sep 2014 20:53:54 GMT',
31 silly registry.get     server: 'CouchDB/1.5.0 (Erlang OTP/R16B03)',
31 silly registry.get     'content-type': 'application/json',
31 silly registry.get     'cache-control': 'max-age=0',
31 silly registry.get     'content-length': '52',
31 silly registry.get     'accept-ranges': 'bytes',
31 silly registry.get     via: '1.1 varnish',
31 silly registry.get     age: '0',
31 silly registry.get     'x-served-by': 'cache-atl6221-ATL',
31 silly registry.get     'x-cache': 'MISS',
31 silly registry.get     'x-cache-hits': '0',
31 silly registry.get     'x-timer': 'S1411678434.731302,VS0,VE107',
31 silly registry.get     'keep-alive': 'timeout=10, max=50',
31 silly registry.get     connection: 'Keep-Alive' } ]
32 silly lockFile 0a85f052-server-favicon server-favicon@
33 silly lockFile 0a85f052-server-favicon server-favicon@
34 error 404 404 Not Found: server-favicon
34 error 404
34 error 404 'server-favicon' is not in the npm registry.
34 error 404 You should bug the author to publish it
34 error 404 It was specified as a dependency of 'gmaps'
34 error 404
34 error 404 Note that you can also install from a
34 error 404 tarball, folder, or http url, or git url.
35 error System Linux 3.13.0-35-generic
36 error command "/usr/bin/node" "/usr/bin/npm" "install" "server-favicon"
37 error cwd /home/fabricio/Projetos/gmaps
38 error node -v v0.10.32
39 error npm -v 1.4.28
40 error code E404
41 verbose exit [ 1, true ]
